<?xml version="1.0" encoding="UTF-8"?>
<!-- Generated by org.testng.reporters.JUnitXMLReporter -->
<testsuite ignored="3" hostname="DESKTOP-TCIBJ34" failures="0" tests="1" name="Default test" time="12.075" errors="0" timestamp="2025-04-26T10:11:14 IST">
  <testcase classname="tutorialninja.tests.Register" name="verifyRegistringAccountBySubscribeNewsLetter" time="2.331"/>
  <testcase classname="tutorialninja.tests.Register" name="verifyRegisteringAccountWithoutFillingFields" time="0.0">
    <ignored/>
  </testcase> <!-- verifyRegisteringAccountWithoutFillingFields -->
  <testcase classname="tutorialninja.tests.Register" name="verifyRegisterWithMandatoryFields" time="0.0">
    <ignored/>
  </testcase> <!-- verifyRegisterWithMandatoryFields -->
  <testcase classname="tutorialninja.tests.Register" name="verifyRegisterWithAllFields" time="0.0">
    <ignored/>
  </testcase> <!-- verifyRegisterWithAllFields -->
</testsuite> <!-- Default test -->
