<?xml version="1.0" encoding="UTF-8"?>
<!-- Generated by org.testng.reporters.JUnitXMLReporter -->
<testsuite ignored="0" hostname="DESKTOP-TCIBJ34" failures="0" tests="18" name="Test" time="99.012" errors="0" timestamp="2025-04-16T17:08:22 IST">
  <testcase classname="tutorialninja.register.TC_RF_001" name="verifyRegisterWithMandatoryFields" time="1.572"/>
  <testcase classname="tutorialninja.register.TC_RF_003" name="verifyRegisterWithAllFields" time="1.582"/>
  <testcase classname="tutorialninja.register.TC_RF_004" name="verifyRegisteringAccountWithoutFillingFields" time="0.561"/>
  <testcase classname="tutorialninja.register.TC_RF_005" name="verifyRegistringAccountBySubscribeNewsLetter" time="1.938"/>
  <testcase classname="tutorialninja.register.TC_RF_006" name="verifyRegisteringAccountBySayinNoToNewsLetter" time="1.766"/>
  <testcase classname="tutorialninja.register.TC_RF_007" name="verifyRegisteringAccountNavigateToMultipleWays" time="1.443"/>
  <testcase classname="tutorialninja.register.TC_RF_008" name="verifyRegisteringAccountByProvidingMismatchingPasswords" time="1.019"/>
  <testcase classname="tutorialninja.register.TC_RF_009" name="verifyRegisteringAccountByProvidingExistingEmailAccount" time="1.018"/>
  <testcase classname="tutorialninja.register.TC_RF_010" name="verifyRegisteringAccountByProvidingInvalidEmail" time="14.344"/>
  <testcase classname="tutorialninja.register.TC_RF_012" name="verifyRigesteringAccountByUsingKeyBoardCommands" time="14.572"/>
  <testcase classname="tutorialninja.register.TC_RF_013" name="verifyPlaceHolderTextInputFieldsInRegisteringAccountPage" time="0.136"/>
  <testcase classname="tutorialninja.register.TC_RF_016" name="verifyRegisterAccountWithSpacesOnly" time="1.027"/>
  <testcase classname="tutorialninja.register.TC_RF_020" name="verifyRegisterAccountPrivacyOptionDefaultNotSelected" time="0.187"/>
  <testcase classname="tutorialninja.register.TC_RF_021" name="verifyRegisteringAccountWithOutSelectingPrivacyPolicy" time="1.199"/>
  <testcase classname="tutorialninja.register.TC_RF_022" name="verifyRegisteringAccountTogglePassword" time="0.056"/>
  <testcase classname="tutorialninja.register.TC_RF_024" name="verifyRegisteringAccountWithoutEnteringPasswordIntoPasswordConfirmField" time="1.079"/>
  <testcase classname="tutorialninja.register.TC_RF_025" name="verifyBreadcrumbURLHeadingTitleOfRegisterAccountPage" time="0.098"/>
  <testcase classname="tutorialninja.register.TC_RF_027" name="verifyRegisteringAccountInDifferentTestEnvironments" time="1.698"/>
</testsuite> <!-- Test -->
