<?xml version="1.0" encoding="UTF-8"?>
<testng-results ignored="0" total="1" passed="1" failed="0" skipped="0">
  <reporter-output>
  </reporter-output>
  <suite started-at="2025-03-17T11:54:19 IST" name="Default suite" finished-at="2025-03-17T11:54:26 IST" duration-ms="6983">
    <groups>
    </groups>
    <test started-at="2025-03-17T11:54:19 IST" name="Default test" finished-at="2025-03-17T11:54:26 IST" duration-ms="6983">
      <class name="tutorialninja.register.TC_RF_010">
        <test-method signature="verifyRegisteringAccountByProvidingInvalidEmail()[pri:0, instance:tutorialninja.register.TC_RF_010@9597028]" started-at="2025-03-17T11:54:19 IST" name="verifyRegisteringAccountByProvidingInvalidEmail" finished-at="2025-03-17T11:54:26 IST" duration-ms="6933" status="PASS">
          <reporter-output>
          </reporter-output>
        </test-method> <!-- verifyRegisteringAccountByProvidingInvalidEmail -->
      </class> <!-- tutorialninja.register.TC_RF_010 -->
    </test> <!-- Default test -->
  </suite> <!-- Default suite -->
</testng-results>
