<?xml version="1.0" encoding="UTF-8"?>
<testng-results ignored="0" total="1" passed="1" failed="0" skipped="0">
  <reporter-output>
  </reporter-output>
  <suite started-at="2025-03-19T18:08:03 IST" name="Default suite" finished-at="2025-03-19T18:08:07 IST" duration-ms="3830">
    <groups>
    </groups>
    <test started-at="2025-03-19T18:08:03 IST" name="Default test" finished-at="2025-03-19T18:08:07 IST" duration-ms="3830">
      <class name="tutorialninja.register.TC_RF_016">
        <test-method signature="verifyRegisterAccountWithSpacesOnly()[pri:0, instance:tutorialninja.register.TC_RF_016@1bd4fdd]" started-at="2025-03-19T18:08:03 IST" name="verifyRegisterAccountWithSpacesOnly" finished-at="2025-03-19T18:08:07 IST" duration-ms="3632" status="PASS">
          <reporter-output>
          </reporter-output>
        </test-method> <!-- verifyRegisterAccountWithSpacesOnly -->
        <test-method is-config="true" signature="tearDown()[pri:0, instance:tutorialninja.register.TC_RF_016@1bd4fdd]" started-at="2025-03-19T18:08:07 IST" name="tearDown" finished-at="2025-03-19T18:08:07 IST" duration-ms="155" status="PASS">
          <reporter-output>
          </reporter-output>
        </test-method> <!-- tearDown -->
      </class> <!-- tutorialninja.register.TC_RF_016 -->
    </test> <!-- Default test -->
  </suite> <!-- Default suite -->
</testng-results>
